<?xml version="1.0" encoding="UTF-8"?>
<!-- Generated by org.testng.reporters.JUnitReportReporter -->
<testsuite hostname="DESKTOP-6BO37H3" failures="0" tests="1" name="com.Pruebas.Test.SeleniumTest" time="0.743" errors="0" timestamp="2023-08-26T22:05:46 CLT" skipped="0">
  <testcase classname="com.Pruebas.Test.SeleniumTest" name="f" time="0.743"/>
</testsuite> <!-- com.Pruebas.Test.SeleniumTest -->
